nohup: ignoring input
Pyromod is working! If you like pyromod, please star it at https://github.com/usernein/pyromod
[INFO]: جاري تشغيل البوت
Traceback (most recent call last):
  File "/workspace/main.py", line 16, in <module>
    loop.run_until_complete(start_bot())
    ~~~~~~~~~~~~~~~~~~~~~~~^^^^^^^^^^^^^
  File "/usr/lib/python3.13/asyncio/base_events.py", line 719, in run_until_complete
    return future.result()
           ~~~~~~~~~~~~~^^
  File "/workspace/bot.py", line 16, in start_bot
    await bot.start()
  File "/home/ubuntu/.local/lib/python3.13/site-packages/pyrogram/methods/utilities/start.py", line 58, in start
    is_authorized = await self.connect()
                    ^^^^^^^^^^^^^^^^^^^^
  File "/home/ubuntu/.local/lib/python3.13/site-packages/pyrogram/methods/auth/connect.py", line 40, in connect
    await self.load_session()
  File "/home/ubuntu/.local/lib/python3.13/site-packages/pyrogram/client.py", line 616, in load_session
    await self.storage.open()
  File "/home/ubuntu/.local/lib/python3.13/site-packages/pyrogram/storage/file_storage.py", line 63, in open
    self.update()
    ~~~~~~~~~~~^^
  File "/home/ubuntu/.local/lib/python3.13/site-packages/pyrogram/storage/file_storage.py", line 52, in update
    self.version(version)
    ~~~~~~~~~~~~^^^^^^^^^
  File "/home/ubuntu/.local/lib/python3.13/site-packages/pyrogram/storage/sqlite_storage.py", line 219, in version
    self.conn.execute(
    ~~~~~~~~~~~~~~~~~^
        "UPDATE version SET number = ?",
        ^^^^^^^^^^^^^^^^^^^^^^^^^^^^^^^^
        (value,)
        ^^^^^^^^
    )
    ^
sqlite3.OperationalError: database is locked
