nohup: ignoring input
Pyromod is working! If you like pyromod, please star it at https://github.com/usernein/pyromod
Traceback (most recent call last):
  File "/workspace/main.py", line 16, in <module>
    loop.run_until_complete(start_bot())
    ~~~~~~~~~~~~~~~~~~~~~~~^^^^^^^^^^^^^
  File "/usr/lib/python3.13/asyncio/base_events.py", line 719, in run_until_complete
    return future.result()
           ~~~~~~~~~~~~~^^
  File "/workspace/bot.py", line 19, in start_bot
    await bot.start()
  File "/home/ubuntu/.local/lib/python3.13/site-packages/pyrogram/methods/utilities/start.py", line 62, in start
    await self.authorize()
  File "/home/ubuntu/.local/lib/python3.13/site-packages/pyrogram/client.py", line 333, in authorize
    return await self.sign_in_bot(self.bot_token)
           ^^^^^^^^^^^^^^^^^^^^^^^^^^^^^^^^^^^^^^
  File "/home/ubuntu/.local/lib/python3.13/site-packages/pyrogram/methods/auth/sign_in_bot.py", line 51, in sign_in_bot
    r = await self.invoke(
        ^^^^^^^^^^^^^^^^^^
    ...<6 lines>...
    )
    ^
  File "/home/ubuntu/.local/lib/python3.13/site-packages/pyrogram/methods/advanced/invoke.py", line 79, in invoke
    r = await self.session.invoke(
        ^^^^^^^^^^^^^^^^^^^^^^^^^^
    ...<4 lines>...
    )
    ^
  File "/home/ubuntu/.local/lib/python3.13/site-packages/pyrogram/session/session.py", line 389, in invoke
    return await self.send(query, timeout=timeout)
           ^^^^^^^^^^^^^^^^^^^^^^^^^^^^^^^^^^^^^^^
  File "/home/ubuntu/.local/lib/python3.13/site-packages/pyrogram/session/session.py", line 357, in send
    RPCError.raise_it(result, type(data))
    ~~~~~~~~~~~~~~~~~^^^^^^^^^^^^^^^^^^^^
  File "/home/ubuntu/.local/lib/python3.13/site-packages/pyrogram/errors/rpc_error.py", line 91, in raise_it
    raise getattr(
    ...<5 lines>...
      is_signed=is_signed)
pyrogram.errors.exceptions.flood_420.FloodWait: Telegram says: [420 FLOOD_WAIT_X] - A wait of 1653 seconds is required (caused by "auth.ImportBotAuthorization")
