2025-07-31 12:11:49,761 - pyrogram.client - INFO - [bot_maker] [LOAD] MessageHandler("cmd") in group 5662 from "Maker.Makr"
2025-07-31 12:11:49,761 - pyrogram.client - INFO - [bot_maker] [LOAD] MessageHandler("forbroacasts") in group 368388 from "Maker.Makr"
2025-07-31 12:11:49,761 - pyrogram.client - INFO - [bot_maker] [LOAD] MessageHandler("new_user") in group 0 from "Maker.Makr"
2025-07-31 12:11:49,761 - pyrogram.client - INFO - [bot_maker] [LOAD] MessageHandler("admins") in group 162728 from "Maker.Makr"
2025-07-31 12:11:49,761 - pyrogram.client - INFO - [bot_maker] [LOAD] MessageHandler("me") in group 0 from "Maker.Makr"
2025-07-31 12:11:49,761 - pyrogram.client - INFO - [bot_maker] [LOAD] MessageHandler("alivehi") in group 0 from "Maker.Makr"
2025-07-31 12:11:49,761 - pyrogram.client - INFO - [bot_maker] [LOAD] MessageHandler("you") in group 0 from "Maker.Makr"
2025-07-31 12:11:49,761 - pyrogram.client - INFO - [bot_maker] [LOAD] MessageHandler("add_dev") in group 0 from "Maker.Makr"
2025-07-31 12:11:49,761 - pyrogram.client - INFO - [bot_maker] [LOAD] MessageHandler("remove_dev") in group 0 from "Maker.Makr"
2025-07-31 12:11:49,761 - pyrogram.client - INFO - [bot_maker] [LOAD] MessageHandler("list_devs") in group 0 from "Maker.Makr"
2025-07-31 12:11:49,761 - pyrogram.client - INFO - [bot_maker] [LOAD] MessageHandler("onoff") in group 0 from "Maker.Makr"
2025-07-31 12:11:49,761 - pyrogram.client - INFO - [bot_maker] [LOAD] MessageHandler("maked") in group 0 from "Maker.Makr"
2025-07-31 12:11:49,761 - pyrogram.client - INFO - [bot_maker] [LOAD] MessageHandler("deletbot") in group 0 from "Maker.Makr"
2025-07-31 12:11:49,761 - pyrogram.client - INFO - [bot_maker] [LOAD] MessageHandler("botat") in group 0 from "Maker.Makr"
2025-07-31 12:11:49,761 - pyrogram.client - INFO - [bot_maker] [LOAD] MessageHandler("kinhsker") in group 0 from "Maker.Makr"
2025-07-31 12:11:49,761 - pyrogram.client - INFO - [bot_maker] [LOAD] MessageHandler("update_factory") in group 0 from "Maker.Makr"
2025-07-31 12:11:49,761 - pyrogram.client - INFO - [bot_maker] [LOAD] MessageHandler("stop_specific_bot") in group 0 from "Maker.Makr"
2025-07-31 12:11:49,761 - pyrogram.client - INFO - [bot_maker] [LOAD] MessageHandler("show_running_bots") in group 0 from "Maker.Makr"
2025-07-31 12:11:49,761 - pyrogram.client - INFO - [bot_maker] [LOAD] MessageHandler("start_Allusers") in group 0 from "Maker.Makr"
2025-07-31 12:11:49,761 - pyrogram.client - INFO - [bot_maker] [LOAD] MessageHandler("stooop_Allusers") in group 0 from "Maker.Makr"
2025-07-31 12:11:49,762 - pyrogram.client - INFO - [bot_maker] [LOAD] MessageHandler("getsession") in group 0 from "Maker.session"
2025-07-31 12:11:49,762 - pyrogram.client - INFO - [bot_maker] Successfully loaded 21 plugins from "Maker"
2025-07-31 12:11:49,762 - pyrogram.dispatcher - INFO - Started 8 HandlerTasks
2025-07-31 12:20:18,754 - root - INFO - Stop signal received (SIGINT). Exiting...
2025-07-31 12:20:19,940 - pyrogram.dispatcher - INFO - Stopped 8 HandlerTasks
2025-07-31 12:20:19,940 - pyrogram.session.session - INFO - PingTask stopped
2025-07-31 12:20:19,941 - pyrogram.session.session - INFO - NetworkTask stopped
2025-07-31 12:20:19,941 - pyrogram.connection.connection - INFO - Disconnected
2025-07-31 12:20:19,941 - pyrogram.session.session - INFO - Session stopped
2025-07-31 12:20:40,477 - pyrogram.client - INFO - [bot_maker] [LOAD] MessageHandler("cmd") in group 5662 from "Maker.Makr"
2025-07-31 12:20:40,477 - pyrogram.client - INFO - [bot_maker] [LOAD] MessageHandler("forbroacasts") in group 368388 from "Maker.Makr"
2025-07-31 12:20:40,477 - pyrogram.client - INFO - [bot_maker] [LOAD] MessageHandler("new_user") in group 0 from "Maker.Makr"
2025-07-31 12:20:40,477 - pyrogram.client - INFO - [bot_maker] [LOAD] MessageHandler("admins") in group 162728 from "Maker.Makr"
2025-07-31 12:20:40,477 - pyrogram.client - INFO - [bot_maker] [LOAD] MessageHandler("me") in group 0 from "Maker.Makr"
2025-07-31 12:20:40,478 - pyrogram.client - INFO - [bot_maker] [LOAD] MessageHandler("alivehi") in group 0 from "Maker.Makr"
2025-07-31 12:20:40,478 - pyrogram.client - INFO - [bot_maker] [LOAD] MessageHandler("you") in group 0 from "Maker.Makr"
2025-07-31 12:20:40,478 - pyrogram.client - INFO - [bot_maker] [LOAD] MessageHandler("add_dev") in group 0 from "Maker.Makr"
2025-07-31 12:20:40,478 - pyrogram.client - INFO - [bot_maker] [LOAD] MessageHandler("remove_dev") in group 0 from "Maker.Makr"
2025-07-31 12:20:40,478 - pyrogram.client - INFO - [bot_maker] [LOAD] MessageHandler("list_devs") in group 0 from "Maker.Makr"
2025-07-31 12:20:40,478 - pyrogram.client - INFO - [bot_maker] [LOAD] MessageHandler("onoff") in group 0 from "Maker.Makr"
2025-07-31 12:20:40,478 - pyrogram.client - INFO - [bot_maker] [LOAD] MessageHandler("maked") in group 0 from "Maker.Makr"
2025-07-31 12:20:40,478 - pyrogram.client - INFO - [bot_maker] [LOAD] MessageHandler("deletbot") in group 0 from "Maker.Makr"
2025-07-31 12:20:40,478 - pyrogram.client - INFO - [bot_maker] [LOAD] MessageHandler("botat") in group 0 from "Maker.Makr"
2025-07-31 12:20:40,478 - pyrogram.client - INFO - [bot_maker] [LOAD] MessageHandler("kinhsker") in group 0 from "Maker.Makr"
2025-07-31 12:20:40,478 - pyrogram.client - INFO - [bot_maker] [LOAD] MessageHandler("update_factory") in group 0 from "Maker.Makr"
2025-07-31 12:20:40,478 - pyrogram.client - INFO - [bot_maker] [LOAD] MessageHandler("stop_specific_bot") in group 0 from "Maker.Makr"
2025-07-31 12:20:40,478 - pyrogram.client - INFO - [bot_maker] [LOAD] MessageHandler("show_running_bots") in group 0 from "Maker.Makr"
2025-07-31 12:20:40,478 - pyrogram.client - INFO - [bot_maker] [LOAD] MessageHandler("start_Allusers") in group 0 from "Maker.Makr"
2025-07-31 12:20:40,478 - pyrogram.client - INFO - [bot_maker] [LOAD] MessageHandler("stooop_Allusers") in group 0 from "Maker.Makr"
2025-07-31 12:20:40,478 - pyrogram.client - INFO - [bot_maker] [LOAD] MessageHandler("getsession") in group 0 from "Maker.session"
2025-07-31 12:20:40,478 - pyrogram.client - INFO - [bot_maker] Successfully loaded 21 plugins from "Maker"
2025-07-31 12:20:40,479 - pyrogram.dispatcher - INFO - Started 8 HandlerTasks
